running egg_info
creating ../../build/shadow_robot/shadow_robot.egg-info
writing ../../build/shadow_robot/shadow_robot.egg-info/PKG-INFO
writing dependency_links to ../../build/shadow_robot/shadow_robot.egg-info/dependency_links.txt
writing entry points to ../../build/shadow_robot/shadow_robot.egg-info/entry_points.txt
writing requirements to ../../build/shadow_robot/shadow_robot.egg-info/requires.txt
writing top-level names to ../../build/shadow_robot/shadow_robot.egg-info/top_level.txt
writing manifest file '../../build/shadow_robot/shadow_robot.egg-info/SOURCES.txt'
reading manifest file '../../build/shadow_robot/shadow_robot.egg-info/SOURCES.txt'
writing manifest file '../../build/shadow_robot/shadow_robot.egg-info/SOURCES.txt'
running build
running build_py
creating /home/redpaladin/shadow_project/ros2_ws/build/shadow_robot/build
creating /home/redpaladin/shadow_project/ros2_ws/build/shadow_robot/build/lib
creating /home/redpaladin/shadow_project/ros2_ws/build/shadow_robot/build/lib/shadow_robot
copying shadow_robot/__init__.py -> /home/redpaladin/shadow_project/ros2_ws/build/shadow_robot/build/lib/shadow_robot
running install
running install_lib
creating /home/redpaladin/shadow_project/ros2_ws/install/shadow_robot/lib/python3.10/site-packages/shadow_robot
copying /home/redpaladin/shadow_project/ros2_ws/build/shadow_robot/build/lib/shadow_robot/__init__.py -> /home/redpaladin/shadow_project/ros2_ws/install/shadow_robot/lib/python3.10/site-packages/shadow_robot
byte-compiling /home/redpaladin/shadow_project/ros2_ws/install/shadow_robot/lib/python3.10/site-packages/shadow_robot/__init__.py to __init__.cpython-310.pyc
running install_data
creating /home/redpaladin/shadow_project/ros2_ws/install/shadow_robot/share/ament_index
creating /home/redpaladin/shadow_project/ros2_ws/install/shadow_robot/share/ament_index/resource_index
creating /home/redpaladin/shadow_project/ros2_ws/install/shadow_robot/share/ament_index/resource_index/packages
copying resource/shadow_robot -> /home/redpaladin/shadow_project/ros2_ws/install/shadow_robot/share/ament_index/resource_index/packages
copying package.xml -> /home/redpaladin/shadow_project/ros2_ws/install/shadow_robot/share/shadow_robot
running install_egg_info
Copying ../../build/shadow_robot/shadow_robot.egg-info to /home/redpaladin/shadow_project/ros2_ws/install/shadow_robot/lib/python3.10/site-packages/shadow_robot-0.0.0-py3.10.egg-info
running install_scripts
writing list of installed files to '/home/redpaladin/shadow_project/ros2_ws/build/shadow_robot/install.log'
